<?xml version="1.0" encoding="UTF-8"?>
<!-- Generated by org.testng.reporters.JUnitReportReporter -->
<testsuite hostname="NikhilShivarkar-PC" failures="0" tests="2" name="com.VMS.TestCases.TC_WebPagesTest" time="95.928" errors="0" timestamp="2022-11-17T17:35:58 IST" skipped="0">
  <testcase classname="com.VMS.TestCases.TC_WebPagesTest" name="AddWebPages" time="41.669"/>
  <system-out/>
  <testcase classname="com.VMS.TestCases.TC_WebPagesTest" name="deleteWebPages" time="54.259"/>
  <system-out/>
</testsuite> <!-- com.VMS.TestCases.TC_WebPagesTest -->
