<?xml version="1.0" encoding="UTF-8"?>
<!-- Generated by org.testng.reporters.JUnitReportReporter -->
<testsuite hostname="NikhilShivarkar-PC" failures="0" tests="1" name="com.VMS.TestCases.TC_AlarmsPageTest" time="28.184" errors="0" timestamp="2022-11-21T17:41:37 IST" skipped="0">
  <testcase classname="com.VMS.TestCases.TC_AlarmsPageTest" name="addVAXAlarms" time="28.184"/>
  <system-out/>
</testsuite> <!-- com.VMS.TestCases.TC_AlarmsPageTest -->
