<?xml version="1.0" encoding="UTF-8"?>
<!-- Generated by org.testng.reporters.JUnitReportReporter -->
<testsuite hostname="NikhilShivarkar-PC" failures="0" tests="1" name="com.AI_ML_Project.AIML_MenClothesColorClassification" time="1.040" errors="0" timestamp="2023-06-08T18:31:14 IST" skipped="0">
  <testcase classname="com.AI_ML_Project.AIML_MenClothesColorClassification" name="changeImagesNameOnFile" time="1.040"/>
  <system-out/>
</testsuite> <!-- com.AI_ML_Project.AIML_MenClothesColorClassification -->
