<?xml version="1.0" encoding="UTF-8"?>
<!-- Generated by org.testng.reporters.JUnitReportReporter -->
<testsuite hostname="NikhilShivarkar-PC" failures="0" tests="4" name="com.VMS.TestCases.TC_WebPagesTest" time="66.278" errors="0" timestamp="2023-08-07T15:26:18 IST" skipped="0">
  <testcase classname="com.VMS.TestCases.TC_WebPagesTest" name="verifyWebPagesPageisOpened" time="0.018"/>
  <system-out/>
  <testcase classname="com.VMS.TestCases.TC_WebPagesTest" name="AddSingleWebPages" time="3.810"/>
  <system-out/>
  <testcase classname="com.VMS.TestCases.TC_WebPagesTest" name="deleteWebPages" time="32.836"/>
  <system-out/>
  <testcase classname="com.VMS.TestCases.TC_WebPagesTest" name="addAllWebpage" time="29.614"/>
  <system-out/>
</testsuite> <!-- com.VMS.TestCases.TC_WebPagesTest -->
