<?xml version="1.0" encoding="UTF-8"?>
<!-- Generated by org.testng.reporters.JUnitReportReporter -->
<testsuite hostname="NikhilShivarkar-PC" failures="0" tests="2" name="com.VMS.TestCases.TC_GroupHierarchyPageTest" time="11.022" errors="0" timestamp="2023-04-27T14:51:29 IST" skipped="0">
  <testcase classname="com.VMS.TestCases.TC_GroupHierarchyPageTest" name="OpenAlarmsPage" time="0.298"/>
  <system-out/>
  <testcase classname="com.VMS.TestCases.TC_GroupHierarchyPageTest" name="addGroups" time="10.724"/>
  <system-out/>
</testsuite> <!-- com.VMS.TestCases.TC_GroupHierarchyPageTest -->
