<?xml version="1.0" encoding="UTF-8"?>
<!-- Generated by org.testng.reporters.JUnitReportReporter -->
<testsuite hostname="NikhilShivarkar-PC" failures="0" tests="2" name="com.VMS.TestCases.TC_NetworkingPageTest" time="10.335" errors="0" timestamp="2022-12-02T15:40:00 IST" skipped="0">
  <testcase classname="com.VMS.TestCases.TC_NetworkingPageTest" name="enableVAXTab" time="6.277"/>
  <system-out/>
  <testcase classname="com.VMS.TestCases.TC_NetworkingPageTest" name="verifyIntegratedVAX" time="4.058"/>
  <system-out/>
</testsuite> <!-- com.VMS.TestCases.TC_NetworkingPageTest -->
