<?xml version="1.0" encoding="UTF-8"?>
<!-- Generated by org.testng.reporters.JUnitReportReporter -->
<testsuite hostname="NikhilShivarkar-PC" failures="0" tests="2" name="com.VMS.TestCases.TC_WebPagesTest" time="29.097" errors="0" timestamp="2023-07-17T18:28:51 IST" skipped="0">
  <testcase classname="com.VMS.TestCases.TC_WebPagesTest" name="addAllWebpage" time="28.292"/>
  <system-out/>
  <testcase classname="com.VMS.TestCases.TC_WebPagesTest" name="OpenWebPages" time="0.805"/>
  <system-out/>
</testsuite> <!-- com.VMS.TestCases.TC_WebPagesTest -->
