<?xml version="1.0" encoding="UTF-8"?>
<!-- Generated by org.testng.reporters.JUnitReportReporter -->
<testsuite hostname="NikhilShivarkar-PC" failures="0" tests="5" name="com.VMS.TestCases.TC_ProcedurePageTest" time="8.840" errors="0" timestamp="2023-07-21T13:20:32 IST" skipped="0">
  <testcase classname="com.VMS.TestCases.TC_ProcedurePageTest" name="OpenProcedurePage" time="1.282"/>
  <system-out/>
  <testcase classname="com.VMS.TestCases.TC_ProcedurePageTest" name="addProcedureToAcknowledge" time="0.992"/>
  <system-out/>
  <testcase classname="com.VMS.TestCases.TC_ProcedurePageTest" name="addProcedureUserMustCommentToAcknowledge" time="1.751"/>
  <system-out/>
  <testcase classname="com.VMS.TestCases.TC_ProcedurePageTest" name="addProcedureToOpenNextActionAfterAck" time="1.996"/>
  <system-out/>
  <testcase classname="com.VMS.TestCases.TC_ProcedurePageTest" name="addProcedureToAttachFileForReference" time="2.819"/>
  <system-out/>
</testsuite> <!-- com.VMS.TestCases.TC_ProcedurePageTest -->
