<?xml version="1.0" encoding="UTF-8"?>
<!-- Generated by org.testng.reporters.JUnitReportReporter -->
<testsuite hostname="NikhilShivarkar-PC" failures="0" tests="2" name="com.VMS.TestCases.TC_ProcedurePageTest" time="26.615" errors="0" timestamp="2022-11-30T19:32:48 IST" skipped="0">
  <testcase classname="com.VMS.TestCases.TC_ProcedurePageTest" name="openProcedurePage" time="11.537"/>
  <system-out/>
  <testcase classname="com.VMS.TestCases.TC_ProcedurePageTest" name="addProcedureToAttachFileForReference" time="15.078"/>
  <system-out/>
</testsuite> <!-- com.VMS.TestCases.TC_ProcedurePageTest -->
