<?xml version="1.0" encoding="UTF-8"?>
<!-- Generated by org.testng.reporters.JUnitReportReporter -->
<testsuite hostname="NikhilShivarkar-PC" failures="0" tests="4" name="com.VMS.TestCases.TC_VAXwebpageTest" time="18.655" errors="0" timestamp="2023-05-08T16:01:11 IST" skipped="0">
  <testcase classname="com.VMS.TestCases.TC_VAXwebpageTest" name="LoginTotheVAXwebpage" time="5.443"/>
  <system-out/>
  <testcase classname="com.VMS.TestCases.TC_VAXwebpageTest" name="triggerDoorLockUnlockOverrideEvents" time="6.382"/>
  <system-out/>
  <testcase classname="com.VMS.TestCases.TC_VAXwebpageTest" name="triggerDigitalInputAlarm" time="0.772"/>
  <system-out/>
  <testcase classname="com.VMS.TestCases.TC_VAXwebpageTest" name="triggerRelayOutputAlarm" time="6.058"/>
  <system-out/>
</testsuite> <!-- com.VMS.TestCases.TC_VAXwebpageTest -->
