<?xml version="1.0" encoding="UTF-8"?>
<!-- Generated by org.testng.reporters.JUnitReportReporter -->
<testsuite hostname="NikhilShivarkar-PC" failures="0" tests="3" name="com.VMS.TestCases.TC_IntrgrationPartnerPageTest" time="86.994" errors="2" timestamp="2022-11-11T16:08:38 IST" skipped="0">
  <testcase classname="com.VMS.TestCases.TC_IntrgrationPartnerPageTest" name="AddIntrgrationPartner" time="33.309">
    <error message="Element not clickable at point (1111,797). Other element would receive the click: &lt;span class=&quot;ng-scope&quot; id=&quot;loader&quot; aria-hidden=&quot;false&quot; style=&quot;background: rgb(41, 45, 53); left: 0px; top: 0px; right: 0px; bottom: 0px; display: flex; position: fixed; z-index: 88888; opacity: 0.9; justify-content: center; align-items: center;&quot; ng-show=&quot;showLoader&quot; us-spinner=&#039;{color: &quot;#CDCDCD&quot;, lines: 9,width: 3,zIndex:1}&#039;&gt; (elementsFromPoint index 0)
Build info: version: &#039;4.1.1&#039;, revision: &#039;e8fcc2cecf&#039;
System info: host: &#039;NIKHILSHIVARKAR&#039;, ip: &#039;172.20.10.139&#039;, os.name: &#039;Windows 10&#039;, os.arch: &#039;amd64&#039;, os.version: &#039;10.0&#039;, java.version: &#039;17.0.1&#039;
Driver info: org.openqa.selenium.ie.InternetExplorerDriver
Command: [5a89e6e8-286a-4b76-9d3b-6416734e9ec1, clickElement {id=14eb8ef0-0327-4152-9043-3511e3aa996f}]
Capabilities {acceptInsecureCerts: false, browserName: internet explorer, browserVersion: 11, javascriptEnabled: true, pageLoadStrategy: normal, platform: WINDOWS, platformName: WINDOWS, proxy: Proxy(), se:ieOptions: {browserAttachTimeout: 0, elementScrollBehavior: 0, enablePersistentHover: true, ie.browserCommandLineSwitches: , ie.edgechromium: false, ie.edgepath: , ie.ensureCleanSession: false, ie.fileUploadDialogTimeout: 3000, ie.forceCreateProcessApi: false, ignoreProtectedModeSettings: false, ignoreZoomSetting: false, initialBrowserUrl: http://localhost:56033/, nativeEvents: true, requireWindowFocus: false}, setWindowRect: true, strictFileInteractability: false, timeouts: {implicit: 0, pageLoad: 300000, script: 30000}, unhandledPromptBehavior: dismiss and notify}
Element: [[InternetExplorerDriver: internet explorer on WINDOWS (5a89e6e8-286a-4b76-9d3b-6416734e9ec1)] -&gt; xpath: //button[text()=&#039;Next&#039;]]
Session ID: 5a89e6e8-286a-4b76-9d3b-6416734e9ec1" type="org.openqa.selenium.ElementClickInterceptedException">
      <![CDATA[org.openqa.selenium.ElementClickInterceptedException: Element not clickable at point (1111,797). Other element would receive the click: <span class="ng-scope" id="loader" aria-hidden="false" style="background: rgb(41, 45, 53); left: 0px; top: 0px; right: 0px; bottom: 0px; display: flex; position: fixed; z-index: 88888; opacity: 0.9; justify-content: center; align-items: center;" ng-show="showLoader" us-spinner='{color: "#CDCDCD", lines: 9,width: 3,zIndex:1}'> (elementsFromPoint index 0)
Build info: version: '4.1.1', revision: 'e8fcc2cecf'
System info: host: 'NIKHILSHIVARKAR', ip: '172.20.10.139', os.name: 'Windows 10', os.arch: 'amd64', os.version: '10.0', java.version: '17.0.1'
Driver info: org.openqa.selenium.ie.InternetExplorerDriver
Command: [5a89e6e8-286a-4b76-9d3b-6416734e9ec1, clickElement {id=14eb8ef0-0327-4152-9043-3511e3aa996f}]
Capabilities {acceptInsecureCerts: false, browserName: internet explorer, browserVersion: 11, javascriptEnabled: true, pageLoadStrategy: normal, platform: WINDOWS, platformName: WINDOWS, proxy: Proxy(), se:ieOptions: {browserAttachTimeout: 0, elementScrollBehavior: 0, enablePersistentHover: true, ie.browserCommandLineSwitches: , ie.edgechromium: false, ie.edgepath: , ie.ensureCleanSession: false, ie.fileUploadDialogTimeout: 3000, ie.forceCreateProcessApi: false, ignoreProtectedModeSettings: false, ignoreZoomSetting: false, initialBrowserUrl: http://localhost:56033/, nativeEvents: true, requireWindowFocus: false}, setWindowRect: true, strictFileInteractability: false, timeouts: {implicit: 0, pageLoad: 300000, script: 30000}, unhandledPromptBehavior: dismiss and notify}
Element: [[InternetExplorerDriver: internet explorer on WINDOWS (5a89e6e8-286a-4b76-9d3b-6416734e9ec1)] -> xpath: //button[text()='Next']]
Session ID: 5a89e6e8-286a-4b76-9d3b-6416734e9ec1
at java.base/jdk.internal.reflect.NativeConstructorAccessorImpl.newInstance0(Native Method)
at java.base/jdk.internal.reflect.NativeConstructorAccessorImpl.newInstance(NativeConstructorAccessorImpl.java:77)
at java.base/jdk.internal.reflect.DelegatingConstructorAccessorImpl.newInstance(DelegatingConstructorAccessorImpl.java:45)
at java.base/java.lang.reflect.Constructor.newInstanceWithCaller(Constructor.java:499)
at java.base/java.lang.reflect.Constructor.newInstance(Constructor.java:480)
at org.openqa.selenium.remote.codec.w3c.W3CHttpResponseCodec.createException(W3CHttpResponseCodec.java:200)
at org.openqa.selenium.remote.codec.w3c.W3CHttpResponseCodec.decode(W3CHttpResponseCodec.java:133)
at org.openqa.selenium.remote.codec.w3c.W3CHttpResponseCodec.decode(W3CHttpResponseCodec.java:53)
at org.openqa.selenium.remote.HttpCommandExecutor.execute(HttpCommandExecutor.java:184)
at org.openqa.selenium.remote.service.DriverCommandExecutor.invokeExecute(DriverCommandExecutor.java:167)
at org.openqa.selenium.remote.service.DriverCommandExecutor.execute(DriverCommandExecutor.java:142)
at org.openqa.selenium.remote.RemoteWebDriver.execute(RemoteWebDriver.java:543)
at org.openqa.selenium.remote.RemoteWebElement.execute(RemoteWebElement.java:251)
at org.openqa.selenium.remote.RemoteWebElement.click(RemoteWebElement.java:77)
at java.base/jdk.internal.reflect.NativeMethodAccessorImpl.invoke0(Native Method)
at java.base/jdk.internal.reflect.NativeMethodAccessorImpl.invoke(NativeMethodAccessorImpl.java:77)
at java.base/jdk.internal.reflect.DelegatingMethodAccessorImpl.invoke(DelegatingMethodAccessorImpl.java:43)
at java.base/java.lang.reflect.Method.invoke(Method.java:568)
at org.openqa.selenium.support.pagefactory.internal.LocatingElementHandler.invoke(LocatingElementHandler.java:52)
at jdk.proxy2/jdk.proxy2.$Proxy31.click(Unknown Source)
at com.VMS.PageObject.vms_IntegrationPartnerPage.ClickOnNEXTbtn(vms_IntegrationPartnerPage.java:158)
at com.VMS.TestCases.TC_IntrgrationPartnerPageTest.AddIntrgrationPartner(TC_IntrgrationPartnerPageTest.java:40)
at java.base/jdk.internal.reflect.NativeMethodAccessorImpl.invoke0(Native Method)
at java.base/jdk.internal.reflect.NativeMethodAccessorImpl.invoke(NativeMethodAccessorImpl.java:77)
at java.base/jdk.internal.reflect.DelegatingMethodAccessorImpl.invoke(DelegatingMethodAccessorImpl.java:43)
at java.base/java.lang.reflect.Method.invoke(Method.java:568)
at org.testng.internal.MethodInvocationHelper.invokeMethod(MethodInvocationHelper.java:133)
at org.testng.internal.TestInvoker.invokeMethod(TestInvoker.java:598)
at org.testng.internal.TestInvoker.invokeTestMethod(TestInvoker.java:173)
at org.testng.internal.MethodRunner.runInSequence(MethodRunner.java:46)
at org.testng.internal.TestInvoker$MethodInvocationAgent.invoke(TestInvoker.java:824)
at org.testng.internal.TestInvoker.invokeTestMethods(TestInvoker.java:146)
at org.testng.internal.TestMethodWorker.invokeTestMethods(TestMethodWorker.java:146)
at org.testng.internal.TestMethodWorker.run(TestMethodWorker.java:128)
at java.base/java.util.ArrayList.forEach(ArrayList.java:1511)
at org.testng.TestRunner.privateRun(TestRunner.java:794)
at org.testng.TestRunner.run(TestRunner.java:596)
at org.testng.SuiteRunner.runTest(SuiteRunner.java:377)
at org.testng.SuiteRunner.runSequentially(SuiteRunner.java:371)
at org.testng.SuiteRunner.privateRun(SuiteRunner.java:332)
at org.testng.SuiteRunner.run(SuiteRunner.java:276)
at org.testng.SuiteRunnerWorker.runSuite(SuiteRunnerWorker.java:53)
at org.testng.SuiteRunnerWorker.run(SuiteRunnerWorker.java:96)
at org.testng.TestNG.runSuitesSequentially(TestNG.java:1212)
at org.testng.TestNG.runSuitesLocally(TestNG.java:1134)
at org.testng.TestNG.runSuites(TestNG.java:1063)
at org.testng.TestNG.run(TestNG.java:1031)
at org.testng.remote.AbstractRemoteTestNG.run(AbstractRemoteTestNG.java:115)
at org.testng.remote.RemoteTestNG.initAndRun(RemoteTestNG.java:251)
at org.testng.remote.RemoteTestNG.main(RemoteTestNG.java:77)
]]>
    </error>
  </testcase> <!-- AddIntrgrationPartner -->
  <system-out/>
  <testcase classname="com.VMS.TestCases.TC_IntrgrationPartnerPageTest" name="RefreshUserInformationfeature" time="16.656">
    <error message="Element not clickable at point (101,113). Other element would receive the click: &lt;div tabindex=&quot;-1&quot; class=&quot;modal fade ng-isolate-scope add-partner-modal common-resources-tree-view 571cf83d-5ec3-4305-aca5-194288b62d7a in&quot; role=&quot;dialog&quot; style=&quot;display: block; z-index: 1050;&quot; ng-style=&quot;{&#039;z-index&#039;: 1050 + index*10, display: &#039;block&#039;}&quot; modal-animation=&quot;true&quot; uib-modal-window=&quot;modal-window&quot; window-class=&quot;add-partner-modal common-resources-tree-view 571cf83d-5ec3-4305-aca5-194288b62d7a&quot; index=&quot;0&quot; animate=&quot;animate&quot; modal-in-class=&quot;in&quot; uib-modal-animation-class=&quot;fade&quot; modal-render=&quot;true&quot;&gt; (elementsFromPoint index 0)
Build info: version: &#039;4.1.1&#039;, revision: &#039;e8fcc2cecf&#039;
System info: host: &#039;NIKHILSHIVARKAR&#039;, ip: &#039;172.20.10.139&#039;, os.name: &#039;Windows 10&#039;, os.arch: &#039;amd64&#039;, os.version: &#039;10.0&#039;, java.version: &#039;17.0.1&#039;
Driver info: org.openqa.selenium.ie.InternetExplorerDriver
Command: [5a89e6e8-286a-4b76-9d3b-6416734e9ec1, clickElement {id=7f29fc6a-4dd8-4b31-a6bc-bfdbb869b855}]
Capabilities {acceptInsecureCerts: false, browserName: internet explorer, browserVersion: 11, javascriptEnabled: true, pageLoadStrategy: normal, platform: WINDOWS, platformName: WINDOWS, proxy: Proxy(), se:ieOptions: {browserAttachTimeout: 0, elementScrollBehavior: 0, enablePersistentHover: true, ie.browserCommandLineSwitches: , ie.edgechromium: false, ie.edgepath: , ie.ensureCleanSession: false, ie.fileUploadDialogTimeout: 3000, ie.forceCreateProcessApi: false, ignoreProtectedModeSettings: false, ignoreZoomSetting: false, initialBrowserUrl: http://localhost:56033/, nativeEvents: true, requireWindowFocus: false}, setWindowRect: true, strictFileInteractability: false, timeouts: {implicit: 0, pageLoad: 300000, script: 30000}, unhandledPromptBehavior: dismiss and notify}
Element: [[InternetExplorerDriver: internet explorer on WINDOWS (5a89e6e8-286a-4b76-9d3b-6416734e9ec1)] -&gt; xpath: //div[text()=&#039;Home Page&#039;]]
Session ID: 5a89e6e8-286a-4b76-9d3b-6416734e9ec1" type="org.openqa.selenium.ElementClickInterceptedException">
      <![CDATA[org.openqa.selenium.ElementClickInterceptedException: Element not clickable at point (101,113). Other element would receive the click: <div tabindex="-1" class="modal fade ng-isolate-scope add-partner-modal common-resources-tree-view 571cf83d-5ec3-4305-aca5-194288b62d7a in" role="dialog" style="display: block; z-index: 1050;" ng-style="{'z-index': 1050 + index*10, display: 'block'}" modal-animation="true" uib-modal-window="modal-window" window-class="add-partner-modal common-resources-tree-view 571cf83d-5ec3-4305-aca5-194288b62d7a" index="0" animate="animate" modal-in-class="in" uib-modal-animation-class="fade" modal-render="true"> (elementsFromPoint index 0)
Build info: version: '4.1.1', revision: 'e8fcc2cecf'
System info: host: 'NIKHILSHIVARKAR', ip: '172.20.10.139', os.name: 'Windows 10', os.arch: 'amd64', os.version: '10.0', java.version: '17.0.1'
Driver info: org.openqa.selenium.ie.InternetExplorerDriver
Command: [5a89e6e8-286a-4b76-9d3b-6416734e9ec1, clickElement {id=7f29fc6a-4dd8-4b31-a6bc-bfdbb869b855}]
Capabilities {acceptInsecureCerts: false, browserName: internet explorer, browserVersion: 11, javascriptEnabled: true, pageLoadStrategy: normal, platform: WINDOWS, platformName: WINDOWS, proxy: Proxy(), se:ieOptions: {browserAttachTimeout: 0, elementScrollBehavior: 0, enablePersistentHover: true, ie.browserCommandLineSwitches: , ie.edgechromium: false, ie.edgepath: , ie.ensureCleanSession: false, ie.fileUploadDialogTimeout: 3000, ie.forceCreateProcessApi: false, ignoreProtectedModeSettings: false, ignoreZoomSetting: false, initialBrowserUrl: http://localhost:56033/, nativeEvents: true, requireWindowFocus: false}, setWindowRect: true, strictFileInteractability: false, timeouts: {implicit: 0, pageLoad: 300000, script: 30000}, unhandledPromptBehavior: dismiss and notify}
Element: [[InternetExplorerDriver: internet explorer on WINDOWS (5a89e6e8-286a-4b76-9d3b-6416734e9ec1)] -> xpath: //div[text()='Home Page']]
Session ID: 5a89e6e8-286a-4b76-9d3b-6416734e9ec1
at java.base/jdk.internal.reflect.NativeConstructorAccessorImpl.newInstance0(Native Method)
at java.base/jdk.internal.reflect.NativeConstructorAccessorImpl.newInstance(NativeConstructorAccessorImpl.java:77)
at java.base/jdk.internal.reflect.DelegatingConstructorAccessorImpl.newInstance(DelegatingConstructorAccessorImpl.java:45)
at java.base/java.lang.reflect.Constructor.newInstanceWithCaller(Constructor.java:499)
at java.base/java.lang.reflect.Constructor.newInstance(Constructor.java:480)
at org.openqa.selenium.remote.codec.w3c.W3CHttpResponseCodec.createException(W3CHttpResponseCodec.java:200)
at org.openqa.selenium.remote.codec.w3c.W3CHttpResponseCodec.decode(W3CHttpResponseCodec.java:133)
at org.openqa.selenium.remote.codec.w3c.W3CHttpResponseCodec.decode(W3CHttpResponseCodec.java:53)
at org.openqa.selenium.remote.HttpCommandExecutor.execute(HttpCommandExecutor.java:184)
at org.openqa.selenium.remote.service.DriverCommandExecutor.invokeExecute(DriverCommandExecutor.java:167)
at org.openqa.selenium.remote.service.DriverCommandExecutor.execute(DriverCommandExecutor.java:142)
at org.openqa.selenium.remote.RemoteWebDriver.execute(RemoteWebDriver.java:543)
at org.openqa.selenium.remote.RemoteWebElement.execute(RemoteWebElement.java:251)
at org.openqa.selenium.remote.RemoteWebElement.click(RemoteWebElement.java:77)
at java.base/jdk.internal.reflect.NativeMethodAccessorImpl.invoke0(Native Method)
at java.base/jdk.internal.reflect.NativeMethodAccessorImpl.invoke(NativeMethodAccessorImpl.java:77)
at java.base/jdk.internal.reflect.DelegatingMethodAccessorImpl.invoke(DelegatingMethodAccessorImpl.java:43)
at java.base/java.lang.reflect.Method.invoke(Method.java:568)
at org.openqa.selenium.support.pagefactory.internal.LocatingElementHandler.invoke(LocatingElementHandler.java:52)
at jdk.proxy2/jdk.proxy2.$Proxy31.click(Unknown Source)
at com.VMS.PageObject.vms_ConfigurationPage.openIntegrationPartnerPage(vms_ConfigurationPage.java:187)
at com.VMS.TestCases.TC_IntrgrationPartnerPageTest.RefreshUserInformationfeature(TC_IntrgrationPartnerPageTest.java:52)
at java.base/jdk.internal.reflect.NativeMethodAccessorImpl.invoke0(Native Method)
at java.base/jdk.internal.reflect.NativeMethodAccessorImpl.invoke(NativeMethodAccessorImpl.java:77)
at java.base/jdk.internal.reflect.DelegatingMethodAccessorImpl.invoke(DelegatingMethodAccessorImpl.java:43)
at java.base/java.lang.reflect.Method.invoke(Method.java:568)
at org.testng.internal.MethodInvocationHelper.invokeMethod(MethodInvocationHelper.java:133)
at org.testng.internal.TestInvoker.invokeMethod(TestInvoker.java:598)
at org.testng.internal.TestInvoker.invokeTestMethod(TestInvoker.java:173)
at org.testng.internal.MethodRunner.runInSequence(MethodRunner.java:46)
at org.testng.internal.TestInvoker$MethodInvocationAgent.invoke(TestInvoker.java:824)
at org.testng.internal.TestInvoker.invokeTestMethods(TestInvoker.java:146)
at org.testng.internal.TestMethodWorker.invokeTestMethods(TestMethodWorker.java:146)
at org.testng.internal.TestMethodWorker.run(TestMethodWorker.java:128)
at java.base/java.util.ArrayList.forEach(ArrayList.java:1511)
at org.testng.TestRunner.privateRun(TestRunner.java:794)
at org.testng.TestRunner.run(TestRunner.java:596)
at org.testng.SuiteRunner.runTest(SuiteRunner.java:377)
at org.testng.SuiteRunner.runSequentially(SuiteRunner.java:371)
at org.testng.SuiteRunner.privateRun(SuiteRunner.java:332)
at org.testng.SuiteRunner.run(SuiteRunner.java:276)
at org.testng.SuiteRunnerWorker.runSuite(SuiteRunnerWorker.java:53)
at org.testng.SuiteRunnerWorker.run(SuiteRunnerWorker.java:96)
at org.testng.TestNG.runSuitesSequentially(TestNG.java:1212)
at org.testng.TestNG.runSuitesLocally(TestNG.java:1134)
at org.testng.TestNG.runSuites(TestNG.java:1063)
at org.testng.TestNG.run(TestNG.java:1031)
at org.testng.remote.AbstractRemoteTestNG.run(AbstractRemoteTestNG.java:115)
at org.testng.remote.RemoteTestNG.initAndRun(RemoteTestNG.java:251)
at org.testng.remote.RemoteTestNG.main(RemoteTestNG.java:77)
]]>
    </error>
  </testcase> <!-- RefreshUserInformationfeature -->
  <system-out/>
  <testcase classname="com.VMS.TestCases.TC_IntrgrationPartnerPageTest" name="DeleteIntrgrationPartner" time="37.029"/>
  <system-out/>
</testsuite> <!-- com.VMS.TestCases.TC_IntrgrationPartnerPageTest -->
