<?xml version="1.0" encoding="UTF-8"?>
<!-- Generated by org.testng.reporters.JUnitReportReporter -->
<testsuite hostname="NikhilShivarkar-PC" failures="0" tests="1" name="com.VMS.TestCases.TC_ProcedurePageTest" time="0.000" errors="0" timestamp="2023-08-07T18:26:32 IST" skipped="1">
  <testcase classname="com.VMS.TestCases.TC_ProcedurePageTest" name="verifyProcedurePageisOpened" time="0.000">
    <skipped/>
  </testcase> <!-- verifyProcedurePageisOpened -->
  <system-out/>
</testsuite> <!-- com.VMS.TestCases.TC_ProcedurePageTest -->
