<?xml version="1.0" encoding="UTF-8"?>
<!-- Generated by org.testng.reporters.JUnitReportReporter -->
<testsuite hostname="NikhilShivarkar-PC" failures="0" tests="4" name="com.VMS.TestCases.TC_loginPageTest2" time="125.959" errors="0" timestamp="2022-12-23T18:30:11 IST" skipped="0">
  <testcase classname="com.VMS.TestCases.TC_loginPageTest2" name="login" time="40.335"/>
  <system-out/>
  <testcase classname="com.VMS.TestCases.TC_loginPageTest2" name="login" time="40.445"/>
  <system-out/>
  <testcase classname="com.VMS.TestCases.TC_loginPageTest2" name="login" time="4.715"/>
  <system-out/>
  <testcase classname="com.VMS.TestCases.TC_loginPageTest2" name="login" time="40.464"/>
  <system-out/>
</testsuite> <!-- com.VMS.TestCases.TC_loginPageTest2 -->
