<?xml version="1.0" encoding="UTF-8"?>
<!-- Generated by org.testng.reporters.JUnitReportReporter -->
<testsuite hostname="NikhilShivarkar-PC" failures="0" tests="1" name="com.VMS.TestCases.RRRRRReadExcelFIle" time="1.439" errors="0" timestamp="2023-05-29T18:00:58 IST" skipped="0">
  <testcase classname="com.VMS.TestCases.RRRRRReadExcelFIle" name="readExcel" time="1.439"/>
  <system-out/>
</testsuite> <!-- com.VMS.TestCases.RRRRRReadExcelFIle -->
