<?xml version="1.0" encoding="UTF-8"?>
<!-- Generated by org.testng.reporters.JUnitReportReporter -->
<testsuite hostname="NikhilShivarkar-PC" failures="0" tests="1" name="com.VMS.TestCases.TC_CameraAndDevicesPageTest" time="22.423" errors="0" timestamp="2022-11-11T20:33:56 IST" skipped="0">
  <testcase classname="com.VMS.TestCases.TC_CameraAndDevicesPageTest" name="AddCamera" time="22.423"/>
  <system-out/>
</testsuite> <!-- com.VMS.TestCases.TC_CameraAndDevicesPageTest -->
