<?xml version="1.0" encoding="UTF-8"?>
<!-- Generated by org.testng.reporters.JUnitReportReporter -->
<testsuite hostname="NikhilShivarkar-PC" failures="0" tests="1" name="com.VMS.TestCases.TC_WebPagesTest" time="40.225" errors="0" timestamp="2022-11-28T11:39:50 IST" skipped="0">
  <testcase classname="com.VMS.TestCases.TC_WebPagesTest" name="AddWebPages" time="40.225"/>
  <system-out/>
</testsuite> <!-- com.VMS.TestCases.TC_WebPagesTest -->
