<?xml version="1.0" encoding="UTF-8"?>
<!-- Generated by org.testng.reporters.JUnitReportReporter -->
<testsuite hostname="NikhilShivarkar-PC" failures="0" tests="4" name="com.VMS.TestCases.TC_WebPagesTest" time="67.754" errors="0" timestamp="2023-07-25T19:46:24 IST" skipped="0">
  <testcase classname="com.VMS.TestCases.TC_WebPagesTest" name="OpenWebPages" time="1.017"/>
  <system-out/>
  <testcase classname="com.VMS.TestCases.TC_WebPagesTest" name="AddSingleWebPages" time="3.801"/>
  <system-out/>
  <testcase classname="com.VMS.TestCases.TC_WebPagesTest" name="deleteWebPages" time="32.808"/>
  <system-out/>
  <testcase classname="com.VMS.TestCases.TC_WebPagesTest" name="addAllWebpage" time="30.128"/>
  <system-out/>
</testsuite> <!-- com.VMS.TestCases.TC_WebPagesTest -->
