<?xml version="1.0" encoding="UTF-8"?>
<!-- Generated by org.testng.reporters.JUnitReportReporter -->
<testsuite hostname="NikhilShivarkar-PC" failures="0" tests="3" name="com.VMS.TestCases.TC_MapTest" time="0.000" errors="0" timestamp="2023-08-07T18:26:32 IST" skipped="3">
  <testcase classname="com.VMS.TestCases.TC_MapTest" name="verifyMapPageisOpened" time="0.000">
    <skipped/>
  </testcase> <!-- verifyMapPageisOpened -->
  <system-out/>
  <testcase classname="com.VMS.TestCases.TC_MapTest" name="addNewMap" time="0.000">
    <skipped/>
  </testcase> <!-- addNewMap -->
  <system-out/>
  <testcase classname="com.VMS.TestCases.TC_MapTest" name="addNewMapInVMS" time="0.000">
    <skipped/>
  </testcase> <!-- addNewMapInVMS -->
  <system-out/>
</testsuite> <!-- com.VMS.TestCases.TC_MapTest -->
