<?xml version="1.0" encoding="UTF-8"?>
<!-- Generated by org.testng.reporters.JUnitReportReporter -->
<testsuite hostname="NikhilShivarkar-PC" failures="0" tests="1" name="com.AI_ML_Project.AniketTest" time="9.487" errors="0" timestamp="2023-06-09T18:22:32 IST" skipped="0">
  <testcase classname="com.AI_ML_Project.AniketTest" name="UserPageOpen" time="9.487"/>
  <system-out/>
</testsuite> <!-- com.AI_ML_Project.AniketTest -->
