<?xml version="1.0" encoding="UTF-8"?>
<!-- Generated by org.testng.reporters.JUnitReportReporter -->
<testsuite hostname="NikhilShivarkar-PC" failures="0" tests="1" name="com.VMS.Utilities.ReadExcelFile" time="1.199" errors="0" timestamp="2022-12-23T19:23:17 IST" skipped="0">
  <testcase classname="com.VMS.Utilities.ReadExcelFile" name="getexceldata" time="1.199"/>
  <system-out/>
</testsuite> <!-- com.VMS.Utilities.ReadExcelFile -->
