<?xml version="1.0" encoding="UTF-8"?>
<!-- Generated by org.testng.reporters.JUnitReportReporter -->
<testsuite hostname="NikhilShivarkar-PC" failures="0" tests="5" name="com.VMS.TestCases.TC_ProcedurePageTest" time="7.996" errors="0" timestamp="2023-05-08T16:01:11 IST" skipped="0">
  <testcase classname="com.VMS.TestCases.TC_ProcedurePageTest" name="OpenProcedurePage" time="0.781"/>
  <system-out/>
  <testcase classname="com.VMS.TestCases.TC_ProcedurePageTest" name="addProcedureToAcknowledge" time="0.883"/>
  <system-out/>
  <testcase classname="com.VMS.TestCases.TC_ProcedurePageTest" name="addProcedureUserMustCommentToAcknowledge" time="1.722"/>
  <system-out/>
  <testcase classname="com.VMS.TestCases.TC_ProcedurePageTest" name="addProcedureToOpenNextActionAfterAck" time="1.828"/>
  <system-out/>
  <testcase classname="com.VMS.TestCases.TC_ProcedurePageTest" name="addProcedureToAttachFileForReference" time="2.782"/>
  <system-out/>
</testsuite> <!-- com.VMS.TestCases.TC_ProcedurePageTest -->
