<?xml version="1.0" encoding="UTF-8"?>
<!-- Generated by org.testng.reporters.JUnitReportReporter -->
<testsuite hostname="NikhilShivarkar-PC" failures="0" tests="3" name="com.VMS.TestCases.TC_RelayOutputTest" time="97.366" errors="0" timestamp="2023-04-18T19:24:25 IST" skipped="0">
  <testcase classname="com.VMS.TestCases.TC_RelayOutputTest" name="openDigitalInputPage" time="0.492"/>
  <system-out/>
  <testcase classname="com.VMS.TestCases.TC_RelayOutputTest" name="enableAllVAXDigitalInputs" time="69.131"/>
  <system-out/>
  <testcase classname="com.VMS.TestCases.TC_RelayOutputTest" name="triggerRelayOutputEvent" time="27.743"/>
  <system-out/>
</testsuite> <!-- com.VMS.TestCases.TC_RelayOutputTest -->
