<?xml version="1.0" encoding="UTF-8"?>
<!-- Generated by org.testng.reporters.JUnitReportReporter -->
<testsuite hostname="NikhilShivarkar-PC" failures="0" tests="2" name="com.VMS.TestCases.TC_MapTest" time="4.163" errors="0" timestamp="2023-07-20T18:41:23 IST" skipped="0">
  <testcase classname="com.VMS.TestCases.TC_MapTest" name="addNewMap" time="1.115"/>
  <system-out/>
  <testcase classname="com.VMS.TestCases.TC_MapTest" name="addNewMapInVMS" time="3.048"/>
  <system-out/>
</testsuite> <!-- com.VMS.TestCases.TC_MapTest -->
