<?xml version="1.0" encoding="UTF-8"?>
<!-- Generated by org.testng.reporters.JUnitReportReporter -->
<testsuite hostname="NikhilShivarkar-PC" failures="0" tests="7" name="com.VMS.TestCases.TC_AlarmsPageTest" time="939.878" errors="0" timestamp="2023-07-18T13:36:16 IST" skipped="0">
  <testcase classname="com.VMS.TestCases.TC_AlarmsPageTest" name="OpenAlarmsPage" time="0.562"/>
  <system-out/>
  <testcase classname="com.VMS.TestCases.TC_AlarmsPageTest" name="addVAXDigitalInputAlarm" time="27.447"/>
  <system-out/>
  <testcase classname="com.VMS.TestCases.TC_AlarmsPageTest" name="addVAXRelayOutputAlarm" time="24.971"/>
  <system-out/>
  <testcase classname="com.VMS.TestCases.TC_AlarmsPageTest" name="addVAXalarmOfDoorFromVAXWebpage" time="149.982"/>
  <system-out/>
  <testcase classname="com.VMS.TestCases.TC_AlarmsPageTest" name="addVAXalarmOfDoorFromPanel" time="119.954"/>
  <system-out/>
  <testcase classname="com.VMS.TestCases.TC_AlarmsPageTest" name="addVAXalarmOfAccessCard" time="300.007"/>
  <system-out/>
  <testcase classname="com.VMS.TestCases.TC_AlarmsPageTest" name="addVAXalarmOfAccessCardForMessage" time="316.955"/>
  <system-out/>
</testsuite> <!-- com.VMS.TestCases.TC_AlarmsPageTest -->
