<?xml version="1.0" encoding="UTF-8"?>
<!-- Generated by org.testng.reporters.JUnitReportReporter -->
<testsuite hostname="NikhilShivarkar-PC" failures="0" tests="1" name="com.VMS.TestCases.TC_WebPagesTest" time="0.007" errors="0" timestamp="2022-11-11T19:08:37 IST" skipped="0">
  <testcase classname="com.VMS.TestCases.TC_WebPagesTest" name="getIP" time="0.007"/>
  <system-out/>
</testsuite> <!-- com.VMS.TestCases.TC_WebPagesTest -->
