<?xml version="1.0" encoding="UTF-8"?>
<!-- Generated by org.testng.reporters.JUnitReportReporter -->
<testsuite hostname="NikhilShivarkar-PC" failures="0" tests="3" name="com.VMS.TestCases.TC_IntrgrationPartnerPageTest" time="44.709" errors="0" timestamp="2022-11-14T20:35:54 IST" skipped="0">
  <testcase classname="com.VMS.TestCases.TC_IntrgrationPartnerPageTest" name="AddIntrgrationPartner" time="2.404"/>
  <system-out/>
  <testcase classname="com.VMS.TestCases.TC_IntrgrationPartnerPageTest" name="RefreshUserInformationfeature" time="20.340"/>
  <system-out/>
  <testcase classname="com.VMS.TestCases.TC_IntrgrationPartnerPageTest" name="DeleteIntrgrationPartner" time="21.965"/>
  <system-out/>
</testsuite> <!-- com.VMS.TestCases.TC_IntrgrationPartnerPageTest -->
