<?xml version="1.0" encoding="UTF-8"?>
<!-- Generated by org.testng.reporters.JUnitReportReporter -->
<testsuite hostname="NikhilShivarkar-PC" failures="0" tests="14" name="com.VMS.TestCases.TC_AlarmsJournalPageTest" time="61.306" errors="0" timestamp="2023-07-20T13:52:47 IST" skipped="0">
  <testcase classname="com.VMS.TestCases.TC_AlarmsJournalPageTest" name="openAlarmTab" time="0.075"/>
  <system-out/>
  <testcase classname="com.VMS.TestCases.TC_AlarmsJournalPageTest" name="verifyDoorLockedAlarm" time="5.174"/>
  <system-out/>
  <testcase classname="com.VMS.TestCases.TC_AlarmsJournalPageTest" name="verifyDoorUnlockedAlarm" time="5.222"/>
  <system-out/>
  <testcase classname="com.VMS.TestCases.TC_AlarmsJournalPageTest" name="verifyAccessGrantedCardAlarm" time="4.643"/>
  <system-out/>
  <testcase classname="com.VMS.TestCases.TC_AlarmsJournalPageTest" name="verifyAccessGrantedCardAlarmMasterAccess" time="4.565"/>
  <system-out/>
  <testcase classname="com.VMS.TestCases.TC_AlarmsJournalPageTest" name="verifyAccessDeniedCardAlarm" time="4.855"/>
  <system-out/>
  <testcase classname="com.VMS.TestCases.TC_AlarmsJournalPageTest" name="verifyAccessDeniedSecurityLevelAlarm" time="4.830"/>
  <system-out/>
  <testcase classname="com.VMS.TestCases.TC_AlarmsJournalPageTest" name="verifyDoorForcedOpenAlarm" time="4.515"/>
  <system-out/>
  <testcase classname="com.VMS.TestCases.TC_AlarmsJournalPageTest" name="verifyDoorHeldOpenAlarm" time="4.504"/>
  <system-out/>
  <testcase classname="com.VMS.TestCases.TC_AlarmsJournalPageTest" name="verifyDoorOverrideAutoResumeAlarm" time="4.730"/>
  <system-out/>
  <testcase classname="com.VMS.TestCases.TC_AlarmsJournalPageTest" name="verifyDoorOpenAlarm" time="4.501"/>
  <system-out/>
  <testcase classname="com.VMS.TestCases.TC_AlarmsJournalPageTest" name="verifyDoorOverrideEnableAlarm" time="4.540"/>
  <system-out/>
  <testcase classname="com.VMS.TestCases.TC_AlarmsJournalPageTest" name="verifyDoorClosedAlarm" time="4.532"/>
  <system-out/>
  <testcase classname="com.VMS.TestCases.TC_AlarmsJournalPageTest" name="verifyDoorOverrideDisableAlarm" time="4.620"/>
  <system-out/>
</testsuite> <!-- com.VMS.TestCases.TC_AlarmsJournalPageTest -->
