<?xml version="1.0" encoding="UTF-8"?>
<!-- Generated by org.testng.reporters.JUnitReportReporter -->
<testsuite hostname="NikhilShivarkar-PC" failures="0" tests="2" name="com.VMS.TestCases.TC_NetworkingPageTest" time="0.000" errors="0" timestamp="2023-08-07T18:26:32 IST" skipped="2">
  <testcase classname="com.VMS.TestCases.TC_NetworkingPageTest" name="enableVAXTab" time="0.000">
    <skipped/>
  </testcase> <!-- enableVAXTab -->
  <system-out/>
  <testcase classname="com.VMS.TestCases.TC_NetworkingPageTest" name="verifyIntegratedVAX" time="0.000">
    <skipped/>
  </testcase> <!-- verifyIntegratedVAX -->
  <system-out/>
</testsuite> <!-- com.VMS.TestCases.TC_NetworkingPageTest -->
