<?xml version="1.0" encoding="UTF-8"?>
<!-- Generated by org.testng.reporters.JUnitReportReporter -->
<testsuite hostname="NikhilShivarkar-PC" failures="0" tests="2" name="com.VMS.TestCases.TC_MapTest" time="1.534" errors="0" timestamp="2023-05-08T18:21:22 IST" skipped="0">
  <testcase classname="com.VMS.TestCases.TC_MapTest" name="addNewMap" time="0.922"/>
  <system-out/>
  <testcase classname="com.VMS.TestCases.TC_MapTest" name="addNewMapInVMS" time="0.612"/>
  <system-out/>
</testsuite> <!-- com.VMS.TestCases.TC_MapTest -->
