<?xml version="1.0" encoding="UTF-8"?>
<!-- Generated by org.testng.reporters.JUnitReportReporter -->
<testsuite hostname="NikhilShivarkar-PC" failures="0" tests="1" name="com.VMS.TestCases.TC_CameraAndDevicesPageTest" time="27.400" errors="0" timestamp="2023-07-19T20:01:27 IST" skipped="0">
  <testcase classname="com.VMS.TestCases.TC_CameraAndDevicesPageTest" name="AddSimulatorCamera" time="27.400"/>
  <system-out/>
</testsuite> <!-- com.VMS.TestCases.TC_CameraAndDevicesPageTest -->
