<?xml version="1.0" encoding="UTF-8"?>
<!-- Generated by org.testng.reporters.JUnitReportReporter -->
<testsuite hostname="NikhilShivarkar-PC" failures="0" tests="2" name="com.VMS.TestCases.TC_EventAlarmSearchPageTest" time="320.941" errors="0" timestamp="2023-07-20T14:36:44 IST" skipped="0">
  <testcase classname="com.VMS.TestCases.TC_EventAlarmSearchPageTest" name="openEventAlarmSearchPage" time="8.934"/>
  <system-out/>
  <testcase classname="com.VMS.TestCases.TC_EventAlarmSearchPageTest" name="addVAXAlarmQuery" time="312.007"/>
  <system-out/>
</testsuite> <!-- com.VMS.TestCases.TC_EventAlarmSearchPageTest -->
