<?xml version="1.0" encoding="UTF-8"?>
<!-- Generated by org.testng.reporters.JUnitReportReporter -->
<testsuite hostname="NikhilShivarkar-PC" failures="0" tests="1" name="com.VMS.TestCases.TC_MonitoringPageTest" time="10.464" errors="0" timestamp="2022-11-07T16:31:27 IST" skipped="0">
  <testcase classname="com.VMS.TestCases.TC_MonitoringPageTest" name="DoLoginAndOpenConfigurationPage" time="10.464"/>
  <system-out/>
</testsuite> <!-- com.VMS.TestCases.TC_MonitoringPageTest -->
