<?xml version="1.0" encoding="UTF-8"?>
<!-- Generated by org.testng.reporters.JUnitReportReporter -->
<testsuite hostname="NikhilShivarkar-PC" failures="0" tests="2" name="com.VMS.TestCases.TC_NetworkingPageTest" time="1.501" errors="0" timestamp="2023-05-08T16:01:11 IST" skipped="0">
  <testcase classname="com.VMS.TestCases.TC_NetworkingPageTest" name="enableVAXTab" time="0.025"/>
  <system-out/>
  <testcase classname="com.VMS.TestCases.TC_NetworkingPageTest" name="verifyIntegratedVAX" time="1.476"/>
  <system-out/>
</testsuite> <!-- com.VMS.TestCases.TC_NetworkingPageTest -->
