<?xml version="1.0" encoding="UTF-8"?>
<!-- Generated by org.testng.reporters.JUnitReportReporter -->
<testsuite hostname="NikhilShivarkar-PC" failures="0" tests="2" name="com.VMS.TestCases.TC_MapTest" time="5.445" errors="0" timestamp="2023-07-19T16:31:37 IST" skipped="0">
  <testcase classname="com.VMS.TestCases.TC_MapTest" name="addNewMap" time="1.164"/>
  <system-out/>
  <testcase classname="com.VMS.TestCases.TC_MapTest" name="addNewMapInVMS" time="4.281"/>
  <system-out/>
</testsuite> <!-- com.VMS.TestCases.TC_MapTest -->
