<?xml version="1.0" encoding="UTF-8"?>
<!-- Generated by org.testng.reporters.JUnitReportReporter -->
<testsuite hostname="NikhilShivarkar-PC" failures="0" tests="1" name="com.VMS.TestCases.TC_CameraAndDevicesPageTest" time="17.044" errors="0" timestamp="2022-11-20T19:51:47 IST" skipped="0">
  <testcase classname="com.VMS.TestCases.TC_CameraAndDevicesPageTest" name="AddSimulatorCamera" time="17.044"/>
  <system-out/>
</testsuite> <!-- com.VMS.TestCases.TC_CameraAndDevicesPageTest -->
