<?xml version="1.0" encoding="UTF-8"?>
<!-- Generated by org.testng.reporters.JUnitReportReporter -->
<testsuite hostname="NikhilShivarkar-PC" failures="0" tests="5" name="com.VMS.TestCases.TC_ProcedurePageTest" time="8.796" errors="0" timestamp="2023-07-20T18:41:23 IST" skipped="0">
  <testcase classname="com.VMS.TestCases.TC_ProcedurePageTest" name="OpenProcedurePage" time="1.525"/>
  <system-out/>
  <testcase classname="com.VMS.TestCases.TC_ProcedurePageTest" name="addProcedureToAcknowledge" time="0.952"/>
  <system-out/>
  <testcase classname="com.VMS.TestCases.TC_ProcedurePageTest" name="addProcedureUserMustCommentToAcknowledge" time="1.679"/>
  <system-out/>
  <testcase classname="com.VMS.TestCases.TC_ProcedurePageTest" name="addProcedureToOpenNextActionAfterAck" time="1.867"/>
  <system-out/>
  <testcase classname="com.VMS.TestCases.TC_ProcedurePageTest" name="addProcedureToAttachFileForReference" time="2.773"/>
  <system-out/>
</testsuite> <!-- com.VMS.TestCases.TC_ProcedurePageTest -->
