<?xml version="1.0" encoding="UTF-8"?>
<!-- Generated by org.testng.reporters.JUnitReportReporter -->
<testsuite hostname="NikhilShivarkar-PC" failures="0" tests="5" name="com.VMS.TestCases.TC_IntrgrationPartnerPageTest" time="25.215" errors="0" timestamp="2023-07-20T12:02:14 IST" skipped="0">
  <testcase classname="com.VMS.TestCases.TC_IntrgrationPartnerPageTest" name="openIntegrationPartnerpage" time="1.413"/>
  <system-out/>
  <testcase classname="com.VMS.TestCases.TC_IntrgrationPartnerPageTest" name="AddIntrgrationPartner2_54" time="7.713"/>
  <system-out/>
  <testcase classname="com.VMS.TestCases.TC_IntrgrationPartnerPageTest" name="RefreshUserInformationfeature" time="2.754"/>
  <system-out/>
  <testcase classname="com.VMS.TestCases.TC_IntrgrationPartnerPageTest" name="DeleteIntrgrationPartner" time="4.369"/>
  <system-out/>
  <testcase classname="com.VMS.TestCases.TC_IntrgrationPartnerPageTest" name="AddIntrgrationPartner1_51" time="8.966"/>
  <system-out/>
</testsuite> <!-- com.VMS.TestCases.TC_IntrgrationPartnerPageTest -->
