<?xml version="1.0" encoding="UTF-8"?>
<!-- Generated by org.testng.reporters.JUnitReportReporter -->
<testsuite hostname="NikhilShivarkar-PC" failures="0" tests="3" name="com.VMS.TestCases.TC_WebPagesTest" time="95.256" errors="0" timestamp="2022-12-02T15:40:00 IST" skipped="0">
  <testcase classname="com.VMS.TestCases.TC_WebPagesTest" name="openWebPage" time="8.089"/>
  <system-out/>
  <testcase classname="com.VMS.TestCases.TC_WebPagesTest" name="AddWebPages" time="44.405"/>
  <system-out/>
  <testcase classname="com.VMS.TestCases.TC_WebPagesTest" name="deleteWebPages" time="42.762"/>
  <system-out/>
</testsuite> <!-- com.VMS.TestCases.TC_WebPagesTest -->
