<?xml version="1.0" encoding="UTF-8"?>
<!-- Generated by org.testng.reporters.JUnitReportReporter -->
<testsuite hostname="NikhilShivarkar-PC" failures="0" tests="2" name="com.VMS.TestCases.TC_loginPageTest" time="3.765" errors="0" timestamp="2022-11-17T12:18:04 IST" skipped="0">
  <testcase classname="com.VMS.TestCases.TC_loginPageTest" name="verifyADMINLogin" time="0.039"/>
  <system-out/>
  <testcase classname="com.VMS.TestCases.TC_loginPageTest" name="verifyLogOut" time="3.726"/>
  <system-out/>
</testsuite> <!-- com.VMS.TestCases.TC_loginPageTest -->
