<?xml version="1.0" encoding="UTF-8"?>
<!-- Generated by org.testng.reporters.JUnitReportReporter -->
<testsuite hostname="NikhilShivarkar-PC" failures="0" tests="2" name="com.VMS.TestCases.TC_WebPagesTest" time="30.858" errors="0" timestamp="2023-07-21T13:20:32 IST" skipped="0">
  <testcase classname="com.VMS.TestCases.TC_WebPagesTest" name="OpenWebPages" time="1.085"/>
  <system-out/>
  <testcase classname="com.VMS.TestCases.TC_WebPagesTest" name="addAllWebpage" time="29.773"/>
  <system-out/>
</testsuite> <!-- com.VMS.TestCases.TC_WebPagesTest -->
