<?xml version="1.0" encoding="UTF-8"?>
<!-- Generated by org.testng.reporters.JUnitReportReporter -->
<testsuite hostname="NikhilShivarkar-PC" failures="0" tests="2" name="com.VMS.TestCases.TC_EventAlarmSearchPageTest" time="261.042" errors="0" timestamp="2023-07-18T15:42:02 IST" skipped="0">
  <testcase classname="com.VMS.TestCases.TC_EventAlarmSearchPageTest" name="openEventAlarmSearchPage" time="8.044"/>
  <system-out/>
  <testcase classname="com.VMS.TestCases.TC_EventAlarmSearchPageTest" name="addVAXAlarmQuery" time="252.998"/>
  <system-out/>
</testsuite> <!-- com.VMS.TestCases.TC_EventAlarmSearchPageTest -->
