<?xml version="1.0" encoding="UTF-8"?>
<!-- Generated by org.testng.reporters.JUnitReportReporter -->
<testsuite hostname="NikhilShivarkar-PC" failures="0" tests="2" name="com.VMS.TestCases.TC_WebPagesTest" time="31.607" errors="0" timestamp="2023-07-20T18:41:23 IST" skipped="0">
  <testcase classname="com.VMS.TestCases.TC_WebPagesTest" name="OpenWebPages" time="1.279"/>
  <system-out/>
  <testcase classname="com.VMS.TestCases.TC_WebPagesTest" name="addAllWebpage" time="30.328"/>
  <system-out/>
</testsuite> <!-- com.VMS.TestCases.TC_WebPagesTest -->
