<?xml version="1.0" encoding="UTF-8"?>
<!-- Generated by org.testng.reporters.JUnitReportReporter -->
<testsuite hostname="NikhilShivarkar-PC" failures="0" tests="2" name="com.VMS.TestCases.TC_WebPagesTest" time="37.986" errors="0" timestamp="2022-11-14T20:35:54 IST" skipped="0">
  <testcase classname="com.VMS.TestCases.TC_WebPagesTest" name="AddWebPages" time="18.894"/>
  <system-out/>
  <testcase classname="com.VMS.TestCases.TC_WebPagesTest" name="deleteWebPages" time="19.092"/>
  <system-out/>
</testsuite> <!-- com.VMS.TestCases.TC_WebPagesTest -->
