<?xml version="1.0" encoding="UTF-8"?>
<!-- Generated by org.testng.reporters.JUnitReportReporter -->
<testsuite hostname="NikhilShivarkar-PC" failures="0" tests="4" name="com.VMS.TestCases.TC_AlarmsPageTest" time="219.070" errors="0" timestamp="2022-11-28T19:47:19 IST" skipped="0">
  <testcase classname="com.VMS.TestCases.TC_AlarmsPageTest" name="addVAXAlarmsDoorLocked" time="66.533"/>
  <system-out/>
  <testcase classname="com.VMS.TestCases.TC_AlarmsPageTest" name="addVAXAlarmsDoorUnlocked" time="51.196"/>
  <system-out/>
  <testcase classname="com.VMS.TestCases.TC_AlarmsPageTest" name="addVAXAlarmsDoorOpen" time="50.950"/>
  <system-out/>
  <testcase classname="com.VMS.TestCases.TC_AlarmsPageTest" name="addVAXAlarmsDoorClose" time="50.391"/>
  <system-out/>
</testsuite> <!-- com.VMS.TestCases.TC_AlarmsPageTest -->
