<?xml version="1.0" encoding="UTF-8"?>
<!-- Generated by org.testng.reporters.JUnitReportReporter -->
<testsuite hostname="NikhilShivarkar-PC" failures="0" tests="2" name="com.VMS.TestCases.TC_DigitalInputTest" time="70.462" errors="0" timestamp="2023-04-18T19:29:15 IST" skipped="0">
  <testcase classname="com.VMS.TestCases.TC_DigitalInputTest" name="openDigitalInputPage" time="0.489"/>
  <system-out/>
  <testcase classname="com.VMS.TestCases.TC_DigitalInputTest" name="enableAllVAXDigitalInputs" time="69.973"/>
  <system-out/>
</testsuite> <!-- com.VMS.TestCases.TC_DigitalInputTest -->
