<?xml version="1.0" encoding="UTF-8"?>
<!-- Generated by org.testng.reporters.JUnitReportReporter -->
<testsuite hostname="NikhilShivarkar-PC" failures="0" tests="1" name="com.VMS.TestCases.TC_CameraAndDevicesPageTest" time="1.592" errors="0" timestamp="2023-07-20T20:24:03 IST" skipped="0">
  <testcase classname="com.VMS.TestCases.TC_CameraAndDevicesPageTest" name="OpenCameraAndDevicesPage" time="1.592"/>
  <system-out/>
</testsuite> <!-- com.VMS.TestCases.TC_CameraAndDevicesPageTest -->
